<?xml version="1.0" encoding="utf-8"?><testsuites name="pytest tests"><testsuite name="pytest" errors="0" failures="0" skipped="2" tests="47" time="61.405" timestamp="2026-07-21T03:19:27.480690+00:00" hostname="7bf5d7bcd368"><testcase classname="tests.unit.test_audio" name="test_normalize_to_16k_mono" time="19.868" /><testcase classname="tests.unit.test_audio" name="test_reject_oversized_payload" time="0.006" /><testcase classname="tests.unit.test_audio" name="test_valid_wav_roundtrip" time="0.026" /><testcase classname="tests.unit.test_audio" name="test_reject_unsupported_extension" time="0.001" /><testcase classname="tests.unit.test_features" name="test_feature_schema_complete" time="2.252" /><testcase classname="tests.unit.test_health" name="test_health_returns_schema" time="6.670" /><testcase classname="tests.unit.test_health" name="test_metrics_endpoint" time="0.010" /><testcase classname="tests.unit.test_health" name="test_request_id_header" time="8.135" /><testcase classname="tests.unit.test_log_redaction" name="test_redacting_filter_blocks_sensitive_markers" time="0.001" /><testcase classname="tests.unit.test_log_redaction" name="test_redacting_filter_allows_safe_messages" time="0.001" /><testcase classname="tests.unit.test_path_traversal" name="test_storage_rejects_traversal" time="0.001" /><testcase classname="tests.unit.test_pipeline" name="test_quality_gate_threshold" time="0.001" /><testcase classname="tests.unit.test_pipeline" name="test_train_and_evaluate_candidates" time="0.925" /><testcase classname="tests.unit.test_pipeline" name="test_model_card_and_checksum_roundtrip" time="0.753" /><testcase classname="tests.unit.test_predict" name="test_predict_success" time="0.087" /><testcase classname="tests.unit.test_predict" name="test_predict_missing_prompt" time="0.062" /><testcase classname="tests.unit.test_predict" name="test_predict_unsupported_media" time="0.029" /><testcase classname="tests.unit.test_predict" name="test_predict_oversized_file" time="0.061" /><testcase classname="tests.unit.test_predict" name="test_predict_decode_failure" time="0.035" /><testcase classname="tests.unit.test_predict" name="test_predict_model_not_ready" time="0.034" /><testcase classname="tests.unit.test_predict" name="test_predict_storage_failure_returns_controlled_503" time="0.065" /><testcase classname="tests.unit.test_predict" name="test_predict_model_load_failure_returns_controlled_503" time="0.075" /><testcase classname="tests.unit.test_predict" name="test_ready_when_model_configured" time="0.048" /><testcase classname="tests.unit.test_predict" name="test_health_contract" time="9.328" /><testcase classname="tests.unit.test_predict" name="test_ui_served" time="0.014" /><testcase classname="tests.unit.test_predict" name="test_performance_smoke" time="0.098" /><testcase classname="tests.unit.test_retention" name="test_verify_retention_script_logic" time="0.004" /><testcase classname="tests.unit.test_split" name="test_assign_splits_reproducible" time="0.003" /><testcase classname="tests.unit.test_split" name="test_no_speaker_overlap_between_splits" time="0.001" /><testcase classname="tests.unit.test_split" name="test_six_speakers_produce_nonempty_partitions" time="0.002" /><testcase classname="tests.unit.test_split" name="test_rejects_too_few_speakers_for_requested_partitions" time="0.002" /><testcase classname="tests.unit.test_split" name="test_manifest_hash_stable" time="0.001" /><testcase classname="tests.unit.test_storage.TestStorageAdapter" name="test_generate_key_ignores_client_filename" time="0.001" /><testcase classname="tests.unit.test_storage.TestStorageAdapter" name="test_generate_key_unique" time="0.002" /><testcase classname="tests.unit.test_storage.TestFilesystemStorage" name="test_put_get_roundtrip" time="0.003" /><testcase classname="tests.unit.test_storage.TestFilesystemStorage" name="test_rejects_path_traversal_on_get" time="0.002" /><testcase classname="tests.unit.test_storage.TestFilesystemStorage" name="test_bucket_exists" time="0.002" /><testcase classname="tests.unit.test_storage.TestFilesystemStorage" name="test_cleanup_expired" time="0.002" /><testcase classname="tests.unit.test_storage.TestFilesystemStorage" name="test_list_objects" time="0.003" /><testcase classname="tests.unit.test_storage.TestS3Storage" name="test_put_get_delete" time="2.235"><skipped type="pytest.skip" message="LocalStack not available">/app/tests/unit/test_storage.py:92: LocalStack not available</skipped></testcase><testcase classname="tests.unit.test_storage.TestS3Storage" name="test_bucket_exists" time="9.134"><skipped type="pytest.skip" message="LocalStack not available">/app/tests/unit/test_storage.py:99: LocalStack not available</skipped></testcase><testcase classname="tests.unit.test_text" name="test_normalize_lowercase_and_whitespace" time="0.004" /><testcase classname="tests.unit.test_text" name="test_normalize_punctuation" time="0.001" /><testcase classname="tests.unit.test_validate" name="test_validate_synthetic_manifest" time="0.017" /><testcase classname="tests.unit.test_validate" name="test_detect_duplicate_clip_id" time="0.003" /><testcase classname="tests.unit.test_validate" name="test_detect_missing_transcript" time="0.002" /><testcase classname="tests.unit.test_validate" name="test_corrupt_audio_rejected" time="0.002" /></testsuite></testsuites>